2024-12-30 10:24:08:248 [32minfo[39m: [32mWebSocketæœåŠ¡å™¨æ­£åœ¨ç›‘å¬è¿æ¥[39m
2024-12-30 10:24:08:248 [32minfo[39m: [32mæœåŠ¡å™¨å¯åŠ¨æˆåŠŸ:[39m
2024-12-30 10:24:08:248 [32minfo[39m: [32m- æœ¬åœ°è®¿é—®: http://localhost:3000[39m
2024-12-30 10:24:08:248 [32minfo[39m: [32m- æœ¬åœ°IPv4: http://127.0.0.1:3000[39m
2024-12-30 10:24:08:248 [32minfo[39m: [32m- å¥åº·æ£€æŸ¥: http://localhost:3000/health[39m
2024-12-30 10:24:08:248 [32minfo[39m: [32m- æµ‹è¯•æ¥å£: http://localhost:3000/api/test[39m
2024-12-30 10:24:08:248 [32minfo[39m: [32m- æ€§èƒ½æŒ‡æ ‡: http://localhost:3000/api/metrics[39m
2024-12-30 10:24:08:248 [32minfo[39m: [32m- WebSocket: ws://localhost:3000[39m
[32m[39m
2024-12-30 15:24:51:2451 [32minfo[39m: [32mWebSocketæœåŠ¡å™¨æ­£åœ¨ç›‘å¬è¿æ¥[39m
2024-12-30 15:24:51:2451 [32minfo[39m: [32mæœåŠ¡å™¨å¯åŠ¨æˆåŠŸ:[39m
2024-12-30 15:24:51:2451 [32minfo[39m: [32m- æœ¬åœ°è®¿é—®: http://localhost:3000[39m
2024-12-30 15:24:51:2451 [32minfo[39m: [32m- æœ¬åœ°IPv4: http://127.0.0.1:3000[39m
2024-12-30 15:24:51:2451 [32minfo[39m: [32m- å¥åº·æ£€æŸ¥: http://localhost:3000/health[39m
2024-12-30 15:24:51:2451 [32minfo[39m: [32m- æµ‹è¯•æ¥å£: http://localhost:3000/api/test[39m
2024-12-30 15:24:51:2451 [32minfo[39m: [32m- æ€§èƒ½æŒ‡æ ‡: http://localhost:3000/api/metrics[39m
2024-12-30 15:24:51:2451 [32minfo[39m: [32m- WebSocket: ws://localhost:3000[39m
[32m[39m
2024-12-30 19:43:27:4327 [32minfo[39m: [32mæ”¶åˆ° SIGINT ä¿¡å·ï¼Œå‡†å¤‡å…³é—­æœåŠ¡å™¨...[39m
2024-12-30 19:43:31:4331 [32minfo[39m: [32mWebSocketæœåŠ¡å™¨æ­£åœ¨ç›‘å¬è¿æ¥[39m
2024-12-30 19:43:31:4331 [32minfo[39m: [32mæœåŠ¡å™¨å¯åŠ¨æˆåŠŸ:[39m
2024-12-30 19:43:31:4331 [32minfo[39m: [32m- æœ¬åœ°è®¿é—®: http://localhost:3000[39m
2024-12-30 19:43:31:4331 [32minfo[39m: [32m- æœ¬åœ°IPv4: http://127.0.0.1:3000[39m
2024-12-30 19:43:31:4331 [32minfo[39m: [32m- å¥åº·æ£€æŸ¥: http://localhost:3000/health[39m
2024-12-30 19:43:31:4331 [32minfo[39m: [32m- æµ‹è¯•æ¥å£: http://localhost:3000/api/test[39m
2024-12-30 19:43:31:4331 [32minfo[39m: [32m- æ€§èƒ½æŒ‡æ ‡: http://localhost:3000/api/metrics[39m
2024-12-30 19:43:31:4331 [32minfo[39m: [32m- WebSocket: ws://localhost:3000[39m
[32m[39m
2024-12-30 21:02:06:26 [32minfo[39m: [32mæ”¶åˆ° SIGINT ä¿¡å·ï¼Œå‡†å¤‡å…³é—­æœåŠ¡å™¨...[39m
